<?xml version="1.0" encoding="utf-8" standalone="no"?>
<test-results xmlns:xsi="http://www.w3.org/2001/XMLSchema-instance" xsi:noNamespaceSchemaLocation="nunit_schema_2.5.xsd" name="Pester" total="0" errors="0" failures="0" not-run="0" inconclusive="0" ignored="0" skipped="0" invalid="0" date="2026-06-23" time="15:55:54">
  <environment platform="Linux" os-version="6.17.0-1018-azure" clr-version="10.0.8" user-domain="" machine-name="runnervm7b5n9" cwd="/home/runner/work/winget-dsc/winget-dsc/tests" user="runner" nunit-version="2.5.8.0" />
  <culture-info current-culture="" current-uiculture="" />
  <test-suite type="TestFixture" name="Pester" executed="True" result="Success" success="True" time="0.9586" asserts="0" description="Pester">
    <results />
  </test-suite>
</test-results>